warning: unused import: `PHI`
 --> llm_builder\src\manifold.rs:4:13
  |
4 | use crate::{PHI, PHI_BASIS};
  |             ^^^
  |
  = note: `#[warn(unused_imports)]` (part of `#[warn(unused)]`) on by default

warning: unused import: `anyhow::Result`
 --> llm_builder\src\model.rs:5:5
  |
5 | use anyhow::Result;
  |     ^^^^^^^^^^^^^^

warning: unused import: `serde_json::json`
 --> llm_builder\src\safetensors.rs:6:5
  |
6 | use serde_json::json;
  |     ^^^^^^^^^^^^^^^^

warning: variant `Q6_K` should have an upper camel case name
   --> llm_builder\src\lib.rs:190:5
    |
190 |     Q6_K,
    |     ^^^^ help: convert the identifier to upper camel case: `Q6K`
    |
    = note: `#[warn(non_camel_case_types)]` (part of `#[warn(nonstandard_style)]`) on by default

warning: variant `Q5_K_M` should have an upper camel case name
   --> llm_builder\src\lib.rs:191:5
    |
191 |     Q5_K_M,
    |     ^^^^^^ help: convert the identifier to upper camel case: `Q5KM`

warning: variant `Q5_K_S` should have an upper camel case name
   --> llm_builder\src\lib.rs:192:5
    |
192 |     Q5_K_S,
    |     ^^^^^^ help: convert the identifier to upper camel case: `Q5KS`

warning: variant `Q4_K_M` should have an upper camel case name
   --> llm_builder\src\lib.rs:193:5
    |
193 |     Q4_K_M,
    |     ^^^^^^ help: convert the identifier to upper camel case: `Q4KM`

warning: variant `Q4_K_S` should have an upper camel case name
   --> llm_builder\src\lib.rs:194:5
    |
194 |     Q4_K_S,
    |     ^^^^^^ help: convert the identifier to upper camel case: `Q4KS`

warning: variant `Q3_K_M` should have an upper camel case name
   --> llm_builder\src\lib.rs:196:5
    |
196 |     Q3_K_M,
    |     ^^^^^^ help: convert the identifier to upper camel case: `Q3KM`

warning: variant `Q3_K_S` should have an upper camel case name
   --> llm_builder\src\lib.rs:197:5
    |
197 |     Q3_K_S,
    |     ^^^^^^ help: convert the identifier to upper camel case: `Q3KS`

warning: variant `Q2_K` should have an upper camel case name
   --> llm_builder\src\lib.rs:198:5
    |
198 |     Q2_K,
    |     ^^^^ help: convert the identifier to upper camel case: `Q2K`

warning: variant `IQ4_XS` should have an upper camel case name
   --> llm_builder\src\lib.rs:199:5
    |
199 |     IQ4_XS,
    |     ^^^^^^ help: convert the identifier to upper camel case: `Iq4Xs`

warning: variant `IQ3_XXS` should have an upper camel case name
   --> llm_builder\src\lib.rs:200:5
    |
200 |     IQ3_XXS,
    |     ^^^^^^^ help: convert the identifier to upper camel case: `Iq3Xxs`

warning: variant `IQ2_XXS` should have an upper camel case name
   --> llm_builder\src\lib.rs:201:5
    |
201 |     IQ2_XXS,
    |     ^^^^^^^ help: convert the identifier to upper camel case: `Iq2Xxs`

warning: variant `IQ1_S` should have an upper camel case name
   --> llm_builder\src\lib.rs:202:5
    |
202 |     IQ1_S,
    |     ^^^^^ help: convert the identifier to upper camel case: `Iq1S`

warning: `llm_builder` (lib) generated 15 warnings (run `cargo fix --lib -p llm_builder` to apply 3 suggestions)
warning: unused import: `crate::PHI_BASIS`
 --> transformer\src\attention.rs:3:5
  |
3 | use crate::PHI_BASIS;
  |     ^^^^^^^^^^^^^^^^
  |
  = note: `#[warn(unused_imports)]` (part of `#[warn(unused)]`) on by default

warning: unused import: `DType`
 --> transformer\src\attention.rs:5:19
  |
5 | use candle_core::{DType, Device, Module, Result, Tensor};
  |                   ^^^^^

warning: unused import: `D`
   --> transformer\src\attention.rs:100:39
    |
100 |     use candle_core::{Result, Tensor, D};
    |                                       ^

warning: unused import: `super::*`
 --> transformer\src\layers.rs:5:5
  |
5 | use super::*;
  |     ^^^^^^^^

warning: unused import: `std::f64::consts::PI`
  --> transformer\src\lib.rs:12:5
   |
12 | use std::f64::consts::PI;
   |     ^^^^^^^^^^^^^^^^^^^^

warning: fields `theta` and `phi_modulated` are never read
   --> transformer\src\lib.rs:217:5
    |
214 | pub struct Crystal7DRoPE {
    |            ------------- fields in this struct
...
217 |     theta: f64,
    |     ^^^^^
218 |     phi_modulated: bool,
    |     ^^^^^^^^^^^^^
    |
    = note: `#[warn(dead_code)]` (part of `#[warn(unused)]`) on by default

warning: field `phi_bias` is never read
  --> transformer\src\attention.rs:13:5
   |
 7 | pub struct Crystal7DAttentionBlock {
   |            ----------------------- field in this struct
...
13 |     phi_bias: Tensor,
   |     ^^^^^^^^

warning: `transformer` (lib) generated 7 warnings (run `cargo fix --lib -p transformer` to apply 5 suggestions)
warning: unused import: `Context`
 --> model_runner\src\tokenizer.rs:4:14
  |
4 | use anyhow::{Context, Result};
  |              ^^^^^^^
  |
  = note: `#[warn(unused_imports)]` (part of `#[warn(unused)]`) on by default

warning: `model_runner` (lib) generated 1 warning (run `cargo fix --lib -p model_runner` to apply 1 suggestion)
    Checking inference_server v1.0.0 (C:\Users\BASEDGOD\Desktop\7D_Crystal_System\projects\inference_server)
error[E0277]: the trait bound `fn(State<Arc<RwLock<...>>>) -> ... {health_check}: Handler<_, _>` is not satisfied
   --> projects\inference_server\src\main.rs:350:31
    |
350 |         .route("/health", get(health_check))
    |                           --- ^^^^^^^^^^^^ the trait `Handler<_, _>` is not implemented for fn item `fn(State<Arc<RwLock<ServerState>>>) -> ... {health_check}`
    |                           |
    |                           required by a bound introduced by this call
    |
    = note: Consider using `#[axum::debug_handler]` to improve the error message
    = help: the following other types implement trait `Handler<T, S>`:
              `MethodRouter<S>` implements `Handler<(), S>`
              `axum::handler::Layered<L, H, T, S>` implements `Handler<T, S>`
note: required by a bound in `axum::routing::get`
   --> C:\Users\BASEDGOD\.cargo\registry\src\index.crates.io-1949cf8c6b5b557f\axum-0.7.9\src\routing\method_routing.rs:439:1
    |
439 | top_level_handler_fn!(get, GET);
    | ^^^^^^^^^^^^^^^^^^^^^^---^^^^^^
    | |                     |
    | |                     required by a bound in this function
    | required by this bound in `get`
    = note: the full name for the type has been written to 'C:\Users\BASEDGOD\Desktop\7D_Crystal_System\target\debug\deps\inference_server-273a901c5131f781.long-type-1520450445032846213.txt'
    = note: consider using `--verbose` to print the full type name to the console
    = note: this error originates in the macro `top_level_handler_fn` (in Nightly builds, run with -Z macro-backtrace for more info)

error[E0277]: the trait bound `fn(State<Arc<RwLock<...>>>) -> ... {list_models}: Handler<_, _>` is not satisfied
   --> projects\inference_server\src\main.rs:351:34
    |
351 |         .route("/v1/models", get(list_models))
    |                              --- ^^^^^^^^^^^ the trait `Handler<_, _>` is not implemented for fn item `fn(State<Arc<RwLock<ServerState>>>) -> ... {list_models}`
    |                              |
    |                              required by a bound introduced by this call
    |
    = note: Consider using `#[axum::debug_handler]` to improve the error message
    = help: the following other types implement trait `Handler<T, S>`:
              `MethodRouter<S>` implements `Handler<(), S>`
              `axum::handler::Layered<L, H, T, S>` implements `Handler<T, S>`
note: required by a bound in `axum::routing::get`
   --> C:\Users\BASEDGOD\.cargo\registry\src\index.crates.io-1949cf8c6b5b557f\axum-0.7.9\src\routing\method_routing.rs:439:1
    |
439 | top_level_handler_fn!(get, GET);
    | ^^^^^^^^^^^^^^^^^^^^^^---^^^^^^
    | |                     |
    | |                     required by a bound in this function
    | required by this bound in `get`
    = note: the full name for the type has been written to 'C:\Users\BASEDGOD\Desktop\7D_Crystal_System\target\debug\deps\inference_server-273a901c5131f781.long-type-11179221391587978556.txt'
    = note: consider using `--verbose` to print the full type name to the console
    = note: this error originates in the macro `top_level_handler_fn` (in Nightly builds, run with -Z macro-backtrace for more info)

error[E0277]: the trait bound `fn(State<Arc<RwLock<...>>>, ...) -> ... {completions}: Handler<_, _>` is not satisfied
   --> projects\inference_server\src\main.rs:352:40
    |
352 |         .route("/v1/completions", post(completions))
    |                                   ---- ^^^^^^^^^^^ the trait `Handler<_, _>` is not implemented for fn item `fn(State<Arc<RwLock<ServerState>>>, Json<...>) -> ... {completions}`
    |                                   |
    |                                   required by a bound introduced by this call
    |
    = note: Consider using `#[axum::debug_handler]` to improve the error message
    = help: the following other types implement trait `Handler<T, S>`:
              `MethodRouter<S>` implements `Handler<(), S>`
              `axum::handler::Layered<L, H, T, S>` implements `Handler<T, S>`
note: required by a bound in `post`
   --> C:\Users\BASEDGOD\.cargo\registry\src\index.crates.io-1949cf8c6b5b557f\axum-0.7.9\src\routing\method_routing.rs:443:1
    |
443 | top_level_handler_fn!(post, POST);
    | ^^^^^^^^^^^^^^^^^^^^^^----^^^^^^^
    | |                     |
    | |                     required by a bound in this function
    | required by this bound in `post`
    = note: the full name for the type has been written to 'C:\Users\BASEDGOD\Desktop\7D_Crystal_System\target\debug\deps\inference_server-273a901c5131f781.long-type-753268397493356218.txt'
    = note: consider using `--verbose` to print the full type name to the console
    = note: this error originates in the macro `top_level_handler_fn` (in Nightly builds, run with -Z macro-backtrace for more info)

error[E0277]: the trait bound `fn(State<Arc<...>>, ...) -> ... {chat_completions}: Handler<_, _>` is not satisfied
   --> projects\inference_server\src\main.rs:353:45
    |
353 |         .route("/v1/chat/completions", post(chat_completions))
    |                                        ---- ^^^^^^^^^^^^^^^^ the trait `Handler<_, _>` is not implemented for fn item `fn(State<Arc<RwLock<ServerState>>>, ...) -> ... {chat_completions}`
    |                                        |
    |                                        required by a bound introduced by this call
    |
    = note: Consider using `#[axum::debug_handler]` to improve the error message
    = help: the following other types implement trait `Handler<T, S>`:
              `MethodRouter<S>` implements `Handler<(), S>`
              `axum::handler::Layered<L, H, T, S>` implements `Handler<T, S>`
note: required by a bound in `post`
   --> C:\Users\BASEDGOD\.cargo\registry\src\index.crates.io-1949cf8c6b5b557f\axum-0.7.9\src\routing\method_routing.rs:443:1
    |
443 | top_level_handler_fn!(post, POST);
    | ^^^^^^^^^^^^^^^^^^^^^^----^^^^^^^
    | |                     |
    | |                     required by a bound in this function
    | required by this bound in `post`
    = note: the full name for the type has been written to 'C:\Users\BASEDGOD\Desktop\7D_Crystal_System\target\debug\deps\inference_server-273a901c5131f781.long-type-134380098260325273.txt'
    = note: consider using `--verbose` to print the full type name to the console
    = note: this error originates in the macro `top_level_handler_fn` (in Nightly builds, run with -Z macro-backtrace for more info)

error[E0277]: `Rc<UnsafeCell<ReseedingRng<ChaCha12Core, OsRng>>>` cannot be sent between threads safely
   --> projects\inference_server\src\main.rs:349:15
    |
349 |     let app = Router::new()
    |               ^^^^^^^^^^^^^ `Rc<UnsafeCell<ReseedingRng<ChaCha12Core, OsRng>>>` cannot be sent between threads safely
    |
    = help: within `Sampler`, the trait `Send` is not implemented for `Rc<UnsafeCell<ReseedingRng<ChaCha12Core, OsRng>>>`
note: required because it appears within the type `rand::rngs::thread::ThreadRng`
   --> C:\Users\BASEDGOD\.cargo\registry\src\index.crates.io-1949cf8c6b5b557f\rand-0.8.5\src\rngs\thread.rs:62:12
    |
 62 | pub struct ThreadRng {
    |            ^^^^^^^^^
note: required because it appears within the type `Sampler`
   --> C:\Users\BASEDGOD\Desktop\7D_Crystal_System\model_runner\src\sampler.rs:40:12
    |
 40 | pub struct Sampler {
    |            ^^^^^^^
    = note: required for `lock_api::rwlock::RwLock<parking_lot::raw_rwlock::RawRwLock, Sampler>` to implement `Sync`
note: required because it appears within the type `ModelRunner`
   --> C:\Users\BASEDGOD\Desktop\7D_Crystal_System\model_runner\src\lib.rs:29:12
    |
 29 | pub struct ModelRunner {
    |            ^^^^^^^^^^^
    = note: required for `Arc<ModelRunner>` to implement `Send`
note: required because it appears within the type `std::option::Option<Arc<ModelRunner>>`
   --> C:\Users\BASEDGOD\.rustup\toolchains\stable-x86_64-pc-windows-msvc\lib/rustlib/src/rust\library\core\src\option.rs:599:10
    |
599 | pub enum Option<T> {
    |          ^^^^^^
note: required because it appears within the type `ServerState`
   --> projects\inference_server\src\main.rs:127:12
    |
127 | pub struct ServerState {
    |            ^^^^^^^^^^^
    = note: required for `tokio::sync::RwLock<ServerState>` to implement `Sync`
    = note: 1 redundant requirement hidden
    = note: required for `Arc<tokio::sync::RwLock<ServerState>>` to implement `Send`
note: required by a bound in `Router::<S>::new`
   --> C:\Users\BASEDGOD\.cargo\registry\src\index.crates.io-1949cf8c6b5b557f\axum-0.7.9\src\routing\mod.rs:133:16
    |
133 |     S: Clone + Send + Sync + 'static,
    |                ^^^^ required by this bound in `Router::<S>::new`
...
139 |     pub fn new() -> Self {
    |            --- required by a bound in this associated function
    = note: the full name for the type has been written to 'C:\Users\BASEDGOD\Desktop\7D_Crystal_System\target\debug\deps\inference_server-273a901c5131f781.long-type-6226887739139156412.txt'
    = note: consider using `--verbose` to print the full type name to the console

error[E0277]: `Rc<UnsafeCell<ReseedingRng<ChaCha12Core, OsRng>>>` cannot be shared between threads safely
   --> projects\inference_server\src\main.rs:349:15
    |
349 |     let app = Router::new()
    |               ^^^^^^^^^^^^^ `Rc<UnsafeCell<ReseedingRng<ChaCha12Core, OsRng>>>` cannot be shared between threads safely
    |
    = help: within `Sampler`, the trait `Sync` is not implemented for `Rc<UnsafeCell<ReseedingRng<ChaCha12Core, OsRng>>>`
note: required because it appears within the type `rand::rngs::thread::ThreadRng`
   --> C:\Users\BASEDGOD\.cargo\registry\src\index.crates.io-1949cf8c6b5b557f\rand-0.8.5\src\rngs\thread.rs:62:12
    |
 62 | pub struct ThreadRng {
    |            ^^^^^^^^^
note: required because it appears within the type `Sampler`
   --> C:\Users\BASEDGOD\Desktop\7D_Crystal_System\model_runner\src\sampler.rs:40:12
    |
 40 | pub struct Sampler {
    |            ^^^^^^^
    = note: required for `lock_api::rwlock::RwLock<parking_lot::raw_rwlock::RawRwLock, Sampler>` to implement `Sync`
note: required because it appears within the type `ModelRunner`
   --> C:\Users\BASEDGOD\Desktop\7D_Crystal_System\model_runner\src\lib.rs:29:12
    |
 29 | pub struct ModelRunner {
    |            ^^^^^^^^^^^
    = note: required for `Arc<ModelRunner>` to implement `Send`
note: required because it appears within the type `std::option::Option<Arc<ModelRunner>>`
   --> C:\Users\BASEDGOD\.rustup\toolchains\stable-x86_64-pc-windows-msvc\lib/rustlib/src/rust\library\core\src\option.rs:599:10
    |
599 | pub enum Option<T> {
    |          ^^^^^^
note: required because it appears within the type `ServerState`
   --> projects\inference_server\src\main.rs:127:12
    |
127 | pub struct ServerState {
    |            ^^^^^^^^^^^
    = note: required for `tokio::sync::RwLock<ServerState>` to implement `Sync`
    = note: 1 redundant requirement hidden
    = note: required for `Arc<tokio::sync::RwLock<ServerState>>` to implement `Send`
note: required by a bound in `Router::<S>::new`
   --> C:\Users\BASEDGOD\.cargo\registry\src\index.crates.io-1949cf8c6b5b557f\axum-0.7.9\src\routing\mod.rs:133:16
    |
133 |     S: Clone + Send + Sync + 'static,
    |                ^^^^ required by this bound in `Router::<S>::new`
...
139 |     pub fn new() -> Self {
    |            --- required by a bound in this associated function
    = note: the full name for the type has been written to 'C:\Users\BASEDGOD\Desktop\7D_Crystal_System\target\debug\deps\inference_server-273a901c5131f781.long-type-6226887739139156412.txt'
    = note: consider using `--verbose` to print the full type name to the console

For more information about this error, try `rustc --explain E0277`.
error: could not compile `inference_server` (bin "inference_server") due to 6 previous errors
